#
# A fatal error has been detected by the Java Runtime Environment:
#
#  EXCEPTION_ACCESS_VIOLATION (0xc0000005) at pc=0x000000005c143401, pid=9032, tid=0x0000000000001b8c
#
# JRE version: OpenJDK Runtime Environment (8.0_112-b06) (build 1.8.0_112-release-b06)
# Java VM: OpenJDK 64-Bit Server VM (25.112-b06 mixed mode windows-amd64 compressed oops)
# Problematic frame:
# V  [jvm.dll+0x213401]
#
# Failed to write core dump. Minidumps are not enabled by default on client versions of Windows
#
# If you would like to submit a bug report, please visit:
#   http://bugreport.java.com/bugreport/crash.jsp
#

---------------  T H R E A D  ---------------

Current thread (0x000000005f2d9800):  JavaThread "Daemon worker Thread 2" [_thread_in_vm, id=7052, stack(0x000000005cc00000,0x000000005cd00000)]

siginfo: ExceptionCode=0xc0000005, reading address 0x000000eb00000000

Registers:
RAX=0x000000eb00000000, RBX=0x000000eb00000000, RCX=0x0000000000000000, RDX=0x00000000a0485fb8
RSP=0x000000005ccfc410, RBP=0x000000005f2d9800, RSI=0x00000000a0485fb8, RDI=0x000000005f542eb8
R8 =0x000000eb00000000, R9 =0x0000000000000001, R10=0x0000000000000000, R11=0x0000000000000020
R12=0x0000000000000000, R13=0x0000000055e27b9f, R14=0x000000005ccfc5a0, R15=0x000000005f2d9800
RIP=0x000000005c143401, EFLAGS=0x0000000000010206

Top of Stack: (sp=0x000000005ccfc410)
0x000000005ccfc410:   00000000a0485fb8 0000000000000000
0x000000005ccfc420:   0000000055e27b9f 000000005ccfc5a0
0x000000005ccfc430:   00000000ffffffff 00000000e3737168
0x000000005ccfc440:   000000005f2d9800 000000005ccfc5a0
0x000000005ccfc450:   0000000055e27b9f 0000000000000000
0x000000005ccfc460:   000000eb00000000 000000005c143ed4
0x000000005ccfc470:   000000005ccfc530 000000005ccfc580
0x000000005ccfc480:   000000005f2d9800 000000005f2d9800
0x000000005ccfc490:   000000005ccfc530 000000005c14455a
0x000000005ccfc4a0:   0000000059a6f360 000000005f2d9800
0x000000005ccfc4b0:   0000000015c96c28 000000005ccfc4e0
0x000000005ccfc4c0:   000000005ccfc530 000000005bfc153e
0x000000005ccfc4d0:   0000000059a6f360 000000005f2d9800
0x000000005ccfc4e0:   0000000100000000 0000000000000000
0x000000005ccfc4f0:   00000000e3737900 00000000028e52d9
0x000000005ccfc500:   000000005f2d9800 00000000000000c2 

Instructions: (pc=0x000000005c143401)
0x000000005c1433e1:   05 06 68 55 00 33 c9 89 47 68 ff 15 5f b3 56 00
0x000000005c1433f1:   48 3b c3 0f 85 37 01 00 00 48 8b c3 48 83 e0 fd
0x000000005c143401:   48 8b 00 48 89 07 48 89 5f 18 4c 89 67 28 48 89
0x000000005c143411:   77 08 48 8b 06 48 85 c0 74 24 4c 8d 0d 3e a8 3b 


Register to memory mapping:

RAX=0x000000eb00000000 is an unknown value
RBX=0x000000eb00000000 is an unknown value
RCX=0x0000000000000000 is an unknown value
RDX=
[error occurred during error reporting (printing register info), id 0xc0000005]

Stack: [0x000000005cc00000,0x000000005cd00000],  sp=0x000000005ccfc410,  free space=1009k
Native frames: (J=compiled Java code, j=interpreted, Vv=VM code, C=native code)
V  [jvm.dll+0x213401]
V  [jvm.dll+0x213ed4]
V  [jvm.dll+0x21455a]
V  [jvm.dll+0x9153e]
C  0x00000000028e52d9

Java frames: (J=compiled Java code, j=interpreted, Vv=VM code)
j  sun.misc.URLClassPath.getURLs()[Ljava/net/URL;+7
j  java.net.URLClassLoader.getURLs()[Ljava/net/URL;+4
j  org.gradle.internal.classloader.ClasspathUtil.addUrl(Ljava/net/URLClassLoader;Ljava/lang/Iterable;)V+9
j  org.gradle.initialization.DefaultJdkToolsInitializer.initializeJdkTools()V+43
j  org.gradle.api.internal.tasks.CompileServices$GradleScopeCompileServices.configure(Lorg/gradle/internal/service/ServiceRegistration;Lorg/gradle/initialization/JdkToolsInitializer;)V+1
v  ~StubRoutines::call_stub
J 1832  sun.reflect.NativeMethodAccessorImpl.invoke0(Ljava/lang/reflect/Method;Ljava/lang/Object;[Ljava/lang/Object;)Ljava/lang/Object; (0 bytes) @ 0x0000000002f6babf [0x0000000002f6ba40+0x7f]
J 1831 C1 sun.reflect.NativeMethodAccessorImpl.invoke(Ljava/lang/Object;[Ljava/lang/Object;)Ljava/lang/Object; (104 bytes) @ 0x0000000002f72b1c [0x0000000002f719c0+0x115c]
J 6891 C2 java.lang.reflect.Method.invoke(Ljava/lang/Object;[Ljava/lang/Object;)Ljava/lang/Object; (62 bytes) @ 0x0000000002b48e74 [0x0000000002b48e00+0x74]
J 2284 C1 org.gradle.internal.reflect.JavaMethod.invoke(Ljava/lang/Object;[Ljava/lang/Object;)Ljava/lang/Object; (74 bytes) @ 0x00000000030fc3b4 [0x00000000030fc2a0+0x114]
J 3662 C1 org.gradle.internal.service.DefaultServiceRegistry.invoke(Ljava/lang/reflect/Method;Ljava/lang/Object;[Ljava/lang/Object;)Ljava/lang/Object; (13 bytes) @ 0x000000000357f564 [0x000000000357f140+0x424]
j  org.gradle.internal.service.DefaultServiceRegistry.applyConfigureMethod(Ljava/lang/reflect/Method;Ljava/lang/Object;)V+143
j  org.gradle.internal.service.DefaultServiceRegistry.findProviderMethods(Ljava/lang/Object;)V+195
j  org.gradle.internal.service.DefaultServiceRegistry.addProvider(Ljava/lang/Object;)Lorg/gradle/internal/service/DefaultServiceRegistry;+6
j  org.gradle.internal.service.DefaultServiceRegistry$1.addProvider(Ljava/lang/Object;)V+5
j  org.gradle.api.internal.tasks.CompileServices.registerGradleServices(Lorg/gradle/internal/service/ServiceRegistration;)V+9
j  org.gradle.internal.service.scopes.GradleScopeServices$1.execute(Lorg/gradle/internal/service/ServiceRegistration;)V+39
j  org.gradle.internal.service.scopes.GradleScopeServices$1.execute(Ljava/lang/Object;)V+5
j  org.gradle.internal.service.DefaultServiceRegistry.register(Lorg/gradle/api/Action;)V+9
j  org.gradle.internal.service.scopes.GradleScopeServices.<init>(Lorg/gradle/internal/service/ServiceRegistry;Lorg/gradle/api/internal/GradleInternal;)V+54
j  org.gradle.internal.service.scopes.BuildScopeServiceRegistryFactory.createFor(Ljava/lang/Object;)Lorg/gradle/internal/service/ServiceRegistry;+19
j  org.gradle.invocation.DefaultGradle.<init>(Lorg/gradle/api/internal/GradleInternal;Lorg/gradle/StartParameter;Lorg/gradle/internal/service/scopes/ServiceRegistryFactory;)V+35
j  org.gradle.invocation.DefaultGradle_Decorated.<init>(Lorg/gradle/api/internal/GradleInternal;Lorg/gradle/StartParameter;Lorg/gradle/internal/service/scopes/ServiceRegistryFactory;)V+4
v  ~StubRoutines::call_stub
J 1991  sun.reflect.NativeConstructorAccessorImpl.newInstance0(Ljava/lang/reflect/Constructor;[Ljava/lang/Object;)Ljava/lang/Object; (0 bytes) @ 0x0000000002fde326 [0x0000000002fde2c0+0x66]
J 1990 C1 sun.reflect.NativeConstructorAccessorImpl.newInstance([Ljava/lang/Object;)Ljava/lang/Object; (89 bytes) @ 0x0000000002fdf784 [0x0000000002fde780+0x1004]
J 9288 C2 java.lang.reflect.Constructor.newInstance([Ljava/lang/Object;)Ljava/lang/Object; (87 bytes) @ 0x00000000033c1b60 [0x00000000033c1aa0+0xc0]
J 5926 C1 org.gradle.internal.reflect.DirectInstantiator.newInstance(Ljava/lang/Class;[Ljava/lang/Object;)Ljava/lang/Object; (50 bytes) @ 0x0000000003acd87c [0x0000000003acd700+0x17c]
J 5887 C1 org.gradle.api.internal.ClassGeneratorBackedInstantiator.newInstance(Ljava/lang/Class;[Ljava/lang/Object;)Ljava/lang/Object; (40 bytes) @ 0x0000000003a9feec [0x0000000003a9eb00+0x13ec]
j  org.gradle.initialization.DefaultGradleLauncherFactory.doNewInstance(Lorg/gradle/StartParameter;Lorg/gradle/initialization/GradleLauncher;Lorg/gradle/initialization/BuildCancellationToken;Lorg/gradle/initialization/BuildRequestMetaData;Lorg/gradle/initialization/BuildEventConsumer;Lorg/gradle/internal/service/scopes/BuildSessionScopeServices;Ljava/util/List;)Lorg/gradle/initialization/DefaultGradleLauncher;+486
j  org.gradle.initialization.DefaultGradleLauncherFactory.newInstance(Lorg/gradle/StartParameter;Lorg/gradle/initialization/BuildRequestContext;Lorg/gradle/internal/service/ServiceRegistry;)Lorg/gradle/initialization/GradleLauncher;+69
j  org.gradle.launcher.exec.InProcessBuildActionExecuter.execute(Lorg/gradle/internal/invocation/BuildAction;Lorg/gradle/initialization/BuildRequestContext;Lorg/gradle/launcher/exec/BuildActionParameters;Lorg/gradle/internal/service/ServiceRegistry;)Ljava/lang/Object;+13
j  org.gradle.launcher.exec.InProcessBuildActionExecuter.execute(Lorg/gradle/internal/invocation/BuildAction;Lorg/gradle/initialization/BuildRequestContext;Ljava/lang/Object;Lorg/gradle/internal/service/ServiceRegistry;)Ljava/lang/Object;+9
j  org.gradle.tooling.internal.provider.ContinuousBuildActionExecuter.execute(Lorg/gradle/internal/invocation/BuildAction;Lorg/gradle/initialization/BuildRequestContext;Lorg/gradle/launcher/exec/BuildActionParameters;Lorg/gradle/internal/service/ServiceRegistry;)Ljava/lang/Object;+28
j  org.gradle.tooling.internal.provider.ContinuousBuildActionExecuter.execute(Lorg/gradle/internal/invocation/BuildAction;Lorg/gradle/initialization/BuildRequestContext;Ljava/lang/Object;Lorg/gradle/internal/service/ServiceRegistry;)Ljava/lang/Object;+9
j  org.gradle.tooling.internal.provider.ServicesSetupBuildActionExecuter.execute(Lorg/gradle/internal/invocation/BuildAction;Lorg/gradle/initialization/BuildRequestContext;Lorg/gradle/launcher/exec/BuildActionParameters;Lorg/gradle/internal/service/ServiceRegistry;)Ljava/lang/Object;+52
j  org.gradle.tooling.internal.provider.ServicesSetupBuildActionExecuter.execute(Lorg/gradle/internal/invocation/BuildAction;Lorg/gradle/initialization/BuildRequestContext;Ljava/lang/Object;Lorg/gradle/internal/service/ServiceRegistry;)Ljava/lang/Object;+9
j  org.gradle.launcher.daemon.server.exec.ExecuteBuild.doBuild(Lorg/gradle/launcher/daemon/server/api/DaemonCommandExecution;Lorg/gradle/launcher/daemon/protocol/Build;)V+114
j  org.gradle.launcher.daemon.server.exec.BuildCommandOnly.execute(Lorg/gradle/launcher/daemon/server/api/DaemonCommandExecution;)V+49
j  org.gradle.launcher.daemon.server.api.DaemonCommandExecution.proceed()Z+28
j  org.gradle.launcher.daemon.server.exec.WatchForDisconnection.execute(Lorg/gradle/launcher/daemon/server/api/DaemonCommandExecution;)V+19
j  org.gradle.launcher.daemon.server.api.DaemonCommandExecution.proceed()Z+28
j  org.gradle.launcher.daemon.server.exec.ResetDeprecationLogger.execute(Lorg/gradle/launcher/daemon/server/api/DaemonCommandExecution;)V+4
j  org.gradle.launcher.daemon.server.api.DaemonCommandExecution.proceed()Z+28
j  org.gradle.launcher.daemon.server.exec.RequestStopIfSingleUsedDaemon.execute(Lorg/gradle/launcher/daemon/server/api/DaemonCommandExecution;)V+33
j  org.gradle.launcher.daemon.server.api.DaemonCommandExecution.proceed()Z+28
j  org.gradle.launcher.daemon.server.exec.ForwardClientInput$2.call()Ljava/lang/Void;+4
j  org.gradle.launcher.daemon.server.exec.ForwardClientInput$2.call()Ljava/lang/Object;+1
j  org.gradle.util.Swapper.swap(Ljava/lang/Object;Ljava/util/concurrent/Callable;)Ljava/lang/Object;+21
j  org.gradle.launcher.daemon.server.exec.ForwardClientInput.execute(Lorg/gradle/launcher/daemon/server/api/DaemonCommandExecution;)V+63
j  org.gradle.launcher.daemon.server.api.DaemonCommandExecution.proceed()Z+28
j  org.gradle.launcher.daemon.server.exec.LogAndCheckHealth.execute(Lorg/gradle/launcher/daemon/server/api/DaemonCommandExecution;)V+28
j  org.gradle.launcher.daemon.server.api.DaemonCommandExecution.proceed()Z+28
j  org.gradle.launcher.daemon.server.exec.LogToClient.doBuild(Lorg/gradle/launcher/daemon/server/api/DaemonCommandExecution;Lorg/gradle/launcher/daemon/protocol/Build;)V+87
j  org.gradle.launcher.daemon.server.exec.BuildCommandOnly.execute(Lorg/gradle/launcher/daemon/server/api/DaemonCommandExecution;)V+49
j  org.gradle.launcher.daemon.server.api.DaemonCommandExecution.proceed()Z+28
j  org.gradle.launcher.daemon.server.exec.EstablishBuildEnvironment.doBuild(Lorg/gradle/launcher/daemon/server/api/DaemonCommandExecution;Lorg/gradle/launcher/daemon/protocol/Build;)V+279
j  org.gradle.launcher.daemon.server.exec.BuildCommandOnly.execute(Lorg/gradle/launcher/daemon/server/api/DaemonCommandExecution;)V+49
j  org.gradle.launcher.daemon.server.api.DaemonCommandExecution.proceed()Z+28
j  org.gradle.launcher.daemon.server.exec.StartBuildOrRespondWithBusy$1.run()V+44
j  org.gradle.launcher.daemon.server.DaemonStateCoordinator$1.run()V+4
J 8173 C1 org.gradle.internal.concurrent.ExecutorPolicy$CatchAndRecordFailures.onExecute(Ljava/lang/Runnable;)V (29 bytes) @ 0x00000000040d1f14 [0x00000000040d1e00+0x114]
j  org.gradle.internal.concurrent.StoppableExecutorImpl$1.run()V+25
j  java.util.concurrent.ThreadPoolExecutor.runWorker(Ljava/util/concurrent/ThreadPoolExecutor$Worker;)V+95
j  java.util.concurrent.ThreadPoolExecutor$Worker.run()V+5
j  java.lang.Thread.run()V+11
v  ~StubRoutines::call_stub

---------------  P R O C E S S  ---------------

Java Threads: ( => current thread )
  0x000000005f2dd000 JavaThread "Stdin handler" [_thread_blocked, id=5476, stack(0x0000000062650000,0x0000000062750000)]
  0x000000005f2da000 JavaThread "Asynchronous log dispatcher for DefaultDaemonConnection: socket connection from /127.0.0.1:52750 to /127.0.0.1:58151" [_thread_blocked, id=7544, stack(0x000000005e5a0000,0x000000005e6a0000)]
=>0x000000005f2d9800 JavaThread "Daemon worker Thread 2" [_thread_in_vm, id=7052, stack(0x000000005cc00000,0x000000005cd00000)]
  0x000000005f2d8800 JavaThread "Cancel handler" [_thread_blocked, id=6772, stack(0x000000005cac0000,0x000000005cbc0000)]
  0x000000005f2d8000 JavaThread "Handler for socket connection from /127.0.0.1:52750 to /127.0.0.1:58151" [_thread_in_native, id=8076, stack(0x000000005c940000,0x000000005ca40000)]
  0x000000005f2d5000 JavaThread "Daemon Thread 2" [_thread_blocked, id=8392, stack(0x000000005c840000,0x000000005c940000)]
  0x000000005f2d6800 JavaThread "pool-2-thread-1" [_thread_blocked, id=8000, stack(0x000000005cdb0000,0x000000005ceb0000)]
  0x000000005a398000 JavaThread "File lock request listener" [_thread_in_native, id=9212, stack(0x000000005d260000,0x000000005d360000)]
  0x0000000059aa3000 JavaThread "pool-1-thread-1" [_thread_blocked, id=8312, stack(0x000000005bd30000,0x000000005be30000)]
  0x0000000059b33000 JavaThread "Incoming local TCP Connector on port 52750" [_thread_in_native, id=6032, stack(0x000000005b9f0000,0x000000005baf0000)]
  0x0000000057e58000 JavaThread "Service Thread" daemon [_thread_blocked, id=820, stack(0x0000000058cd0000,0x0000000058dd0000)]
  0x0000000057ddb000 JavaThread "C1 CompilerThread2" daemon [_thread_blocked, id=5192, stack(0x0000000058b30000,0x0000000058c30000)]
  0x0000000057dd6800 JavaThread "C2 CompilerThread1" daemon [_thread_blocked, id=6016, stack(0x0000000058880000,0x0000000058980000)]
  0x0000000057dd2000 JavaThread "C2 CompilerThread0" daemon [_thread_blocked, id=2832, stack(0x0000000058750000,0x0000000058850000)]
  0x0000000057dd0800 JavaThread "Attach Listener" daemon [_thread_blocked, id=2904, stack(0x0000000058630000,0x0000000058730000)]
  0x0000000057dcf800 JavaThread "Signal Dispatcher" daemon [_thread_blocked, id=5724, stack(0x0000000058470000,0x0000000058570000)]
  0x0000000057dc0800 JavaThread "Finalizer" daemon [_thread_blocked, id=6768, stack(0x00000000582a0000,0x00000000583a0000)]
  0x000000005664e000 JavaThread "Reference Handler" daemon [_thread_blocked, id=4008, stack(0x0000000057c80000,0x0000000057d80000)]
  0x0000000001e4d800 JavaThread "main" [_thread_blocked, id=4824, stack(0x00000000024f0000,0x00000000025f0000)]

Other Threads:
  0x0000000056646800 VMThread [stack: 0x0000000057b50000,0x0000000057c50000] [id=1360]
  0x0000000057e5a000 WatcherThread [stack: 0x00000000589f0000,0x0000000058af0000] [id=6416]

VM state:not at safepoint (normal execution)

VM Mutex/Monitor currently owned by a thread: None

Heap:
 PSYoungGen      total 304640K, used 84246K [0x00000000e0000000, 0x00000000f4a00000, 0x0000000100000000)
  eden space 279552K, 21% used [0x00000000e0000000,0x00000000e39c8720,0x00000000f1100000)
  from space 25088K, 99% used [0x00000000f2f00000,0x00000000f477d1b0,0x00000000f4780000)
  to   space 29184K, 0% used [0x00000000f1100000,0x00000000f1100000,0x00000000f2d80000)
 ParOldGen       total 150528K, used 44535K [0x00000000a0000000, 0x00000000a9300000, 0x00000000e0000000)
  object space 150528K, 29% used [0x00000000a0000000,0x00000000a2b7dc70,0x00000000a9300000)
 Metaspace       used 61812K, capacity 64262K, committed 64512K, reserved 1105920K
  class space    used 8162K, capacity 8668K, committed 8704K, reserved 1048576K

Card table byte_map: [0x0000000011c80000,0x0000000011f90000] byte_map_base: 0x0000000011780000

Marking Bits: (ParMarkBitMap*) 0x000000005c6f18f0
 Begin Bits: [0x0000000012960000, 0x0000000014160000)
 End Bits:   [0x0000000014160000, 0x0000000015960000)

Polling page: 0x0000000000140000

CodeCache: size=245760Kb used=27123Kb max_used=28469Kb free=218636Kb
 bounds [0x00000000028c0000, 0x00000000044b0000, 0x00000000118c0000]
 total_blobs=9364 nmethods=8602 adapters=675
 compilation: enabled

Compilation events (10 events):
Event: 2577.302 Thread 0x0000000057ddb000 nmethod 10449 0x00000000040a8550 code [0x00000000040a8700, 0x00000000040a8bb8]
Event: 2577.302 Thread 0x0000000057ddb000 10450       3       java.lang.ProcessEnvironment::validateValue (43 bytes)
Event: 2577.303 Thread 0x0000000057ddb000 nmethod 10450 0x000000000373f590 code [0x000000000373f7a0, 0x0000000003740238]
Event: 2577.303 Thread 0x0000000057ddb000 10451       3       java.lang.StringBuilder::append (8 bytes)
Event: 2577.303 Thread 0x0000000057ddb000 nmethod 10451 0x00000000043a3190 code [0x00000000043a3300, 0x00000000043a3488]
Event: 2577.305 Thread 0x0000000057dd6800 10452 %     4       org.gradle.internal.service.DefaultServiceRegistry$OwnServices::getService @ 28 (274 bytes)
Event: 2577.306 Thread 0x0000000057dd2000 nmethod 10440 0x0000000002ae23d0 code [0x0000000002ae25e0, 0x0000000002ae2df8]
Event: 2577.307 Thread 0x0000000057ddb000 10453       3       com.google.common.cache.LocalCache::usesAccessQueue (20 bytes)
Event: 2577.307 Thread 0x0000000057ddb000 nmethod 10453 0x00000000043a2bd0 code [0x00000000043a2d40, 0x00000000043a30b0]
Event: 2577.316 Thread 0x0000000057dd6800 nmethod 10452% 0x0000000002a04190 code [0x0000000002a04320, 0x0000000002a04bb8]

GC Heap History (10 events):
Event: 14.629 GC heap before
{Heap before GC invocations=13 (full 2):
 PSYoungGen      total 173568K, used 173540K [0x00000000e0000000, 0x00000000ec600000, 0x0000000100000000)
  eden space 158720K, 100% used [0x00000000e0000000,0x00000000e9b00000,0x00000000e9b00000)
  from space 14848K, 99% used [0x00000000eae00000,0x00000000ebc79358,0x00000000ebc80000)
  to   space 19456K, 0% used [0x00000000e9b00000,0x00000000e9b00000,0x00000000eae00000)
 ParOldGen       total 108544K, used 26167K [0x00000000a0000000, 0x00000000a6a00000, 0x00000000e0000000)
  object space 108544K, 24% used [0x00000000a0000000,0x00000000a198dd68,0x00000000a6a00000)
 Metaspace       used 56386K, capacity 58722K, committed 58880K, reserved 1099776K
  class space    used 7587K, capacity 8098K, committed 8192K, reserved 1048576K
Event: 14.722 GC heap after
Heap after GC invocations=13 (full 2):
 PSYoungGen      total 178176K, used 19444K [0x00000000e0000000, 0x00000000ef700000, 0x0000000100000000)
  eden space 158720K, 0% used [0x00000000e0000000,0x00000000e0000000,0x00000000e9b00000)
  from space 19456K, 99% used [0x00000000e9b00000,0x00000000eadfd298,0x00000000eae00000)
  to   space 25600K, 0% used [0x00000000ede00000,0x00000000ede00000,0x00000000ef700000)
 ParOldGen       total 108544K, used 35557K [0x00000000a0000000, 0x00000000a6a00000, 0x00000000e0000000)
  object space 108544K, 32% used [0x00000000a0000000,0x00000000a22b96b0,0x00000000a6a00000)
 Metaspace       used 56386K, capacity 58722K, committed 58880K, reserved 1099776K
  class space    used 7587K, capacity 8098K, committed 8192K, reserved 1048576K
}
Event: 15.054 GC heap before
{Heap before GC invocations=14 (full 2):
 PSYoungGen      total 178176K, used 37760K [0x00000000e0000000, 0x00000000ef700000, 0x0000000100000000)
  eden space 158720K, 11% used [0x00000000e0000000,0x00000000e11e3088,0x00000000e9b00000)
  from space 19456K, 99% used [0x00000000e9b00000,0x00000000eadfd298,0x00000000eae00000)
  to   space 25600K, 0% used [0x00000000ede00000,0x00000000ede00000,0x00000000ef700000)
 ParOldGen       total 108544K, used 35557K [0x00000000a0000000, 0x00000000a6a00000, 0x00000000e0000000)
  object space 108544K, 32% used [0x00000000a0000000,0x00000000a22b96b0,0x00000000a6a00000)
 Metaspace       used 56666K, capacity 59018K, committed 59136K, reserved 1099776K
  class space    used 7599K, capacity 8104K, committed 8192K, reserved 1048576K
Event: 15.235 GC heap after
Heap after GC invocations=14 (full 2):
 PSYoungGen      total 226816K, used 17490K [0x00000000e0000000, 0x00000000f1980000, 0x0000000100000000)
  eden space 201216K, 0% used [0x00000000e0000000,0x00000000e0000000,0x00000000ec480000)
  from space 25600K, 68% used [0x00000000ede00000,0x00000000eef14810,0x00000000ef700000)
  to   space 26112K, 0% used [0x00000000ec480000,0x00000000ec480000,0x00000000ede00000)
 ParOldGen       total 108544K, used 39584K [0x00000000a0000000, 0x00000000a6a00000, 0x00000000e0000000)
  object space 108544K, 36% used [0x00000000a0000000,0x00000000a26a8168,0x00000000a6a00000)
 Metaspace       used 56666K, capacity 59018K, committed 59136K, reserved 1099776K
  class space    used 7599K, capacity 8104K, committed 8192K, reserved 1048576K
}
Event: 15.235 GC heap before
{Heap before GC invocations=15 (full 3):
 PSYoungGen      total 226816K, used 17490K [0x00000000e0000000, 0x00000000f1980000, 0x0000000100000000)
  eden space 201216K, 0% used [0x00000000e0000000,0x00000000e0000000,0x00000000ec480000)
  from space 25600K, 68% used [0x00000000ede00000,0x00000000eef14810,0x00000000ef700000)
  to   space 26112K, 0% used [0x00000000ec480000,0x00000000ec480000,0x00000000ede00000)
 ParOldGen       total 108544K, used 39584K [0x00000000a0000000, 0x00000000a6a00000, 0x00000000e0000000)
  object space 108544K, 36% used [0x00000000a0000000,0x00000000a26a8168,0x00000000a6a00000)
 Metaspace       used 56666K, capacity 59018K, committed 59136K, reserved 1099776K
  class space    used 7599K, capacity 8104K, committed 8192K, reserved 1048576K
Event: 15.804 GC heap after
Heap after GC invocations=15 (full 3):
 PSYoungGen      total 226816K, used 0K [0x00000000e0000000, 0x00000000f1980000, 0x0000000100000000)
  eden space 201216K, 0% used [0x00000000e0000000,0x00000000e0000000,0x00000000ec480000)
  from space 25600K, 0% used [0x00000000ede00000,0x00000000ede00000,0x00000000ef700000)
  to   space 26112K, 0% used [0x00000000ec480000,0x00000000ec480000,0x00000000ede00000)
 ParOldGen       total 150528K, used 42295K [0x00000000a0000000, 0x00000000a9300000, 0x00000000e0000000)
  object space 150528K, 28% used [0x00000000a0000000,0x00000000a294df30,0x00000000a9300000)
 Metaspace       used 56666K, capacity 59018K, committed 59136K, reserved 1099776K
  class space    used 7599K, capacity 8104K, committed 8192K, reserved 1048576K
}
Event: 29.614 GC heap before
{Heap before GC invocations=16 (full 3):
 PSYoungGen      total 226816K, used 201216K [0x00000000e0000000, 0x00000000f1980000, 0x0000000100000000)
  eden space 201216K, 100% used [0x00000000e0000000,0x00000000ec480000,0x00000000ec480000)
  from space 25600K, 0% used [0x00000000ede00000,0x00000000ede00000,0x00000000ef700000)
  to   space 26112K, 0% used [0x00000000ec480000,0x00000000ec480000,0x00000000ede00000)
 ParOldGen       total 150528K, used 42295K [0x00000000a0000000, 0x00000000a9300000, 0x00000000e0000000)
  object space 150528K, 28% used [0x00000000a0000000,0x00000000a294df30,0x00000000a9300000)
 Metaspace       used 61552K, capacity 64000K, committed 64256K, reserved 1105920K
  class space    used 8156K, capacity 8667K, committed 8704K, reserved 1048576K
Event: 29.633 GC heap after
Heap after GC invocations=16 (full 3):
 PSYoungGen      total 227328K, used 11784K [0x00000000e0000000, 0x00000000f4780000, 0x0000000100000000)
  eden space 201216K, 0% used [0x00000000e0000000,0x00000000e0000000,0x00000000ec480000)
  from space 26112K, 45% used [0x00000000ec480000,0x00000000ed0021d8,0x00000000ede00000)
  to   space 25088K, 0% used [0x00000000f2f00000,0x00000000f2f00000,0x00000000f4780000)
 ParOldGen       total 150528K, used 42303K [0x00000000a0000000, 0x00000000a9300000, 0x00000000e0000000)
  object space 150528K, 28% used [0x00000000a0000000,0x00000000a294ff30,0x00000000a9300000)
 Metaspace       used 61552K, capacity 64000K, committed 64256K, reserved 1105920K
  class space    used 8156K, capacity 8667K, committed 8704K, reserved 1048576K
}
Event: 31.486 GC heap before
{Heap before GC invocations=17 (full 3):
 PSYoungGen      total 227328K, used 213000K [0x00000000e0000000, 0x00000000f4780000, 0x0000000100000000)
  eden space 201216K, 100% used [0x00000000e0000000,0x00000000ec480000,0x00000000ec480000)
  from space 26112K, 45% used [0x00000000ec480000,0x00000000ed0021d8,0x00000000ede00000)
  to   space 25088K, 0% used [0x00000000f2f00000,0x00000000f2f00000,0x00000000f4780000)
 ParOldGen       total 150528K, used 42303K [0x00000000a0000000, 0x00000000a9300000, 0x00000000e0000000)
  object space 150528K, 28% used [0x00000000a0000000,0x00000000a294ff30,0x00000000a9300000)
 Metaspace       used 61585K, capacity 64000K, committed 64256K, reserved 1105920K
  class space    used 8158K, capacity 8667K, committed 8704K, reserved 1048576K
Event: 31.517 GC heap after
Heap after GC invocations=17 (full 3):
 PSYoungGen      total 304640K, used 25076K [0x00000000e0000000, 0x00000000f4a00000, 0x0000000100000000)
  eden space 279552K, 0% used [0x00000000e0000000,0x00000000e0000000,0x00000000f1100000)
  from space 25088K, 99% used [0x00000000f2f00000,0x00000000f477d1b0,0x00000000f4780000)
  to   space 29184K, 0% used [0x00000000f1100000,0x00000000f1100000,0x00000000f2d80000)
 ParOldGen       total 150528K, used 44535K [0x00000000a0000000, 0x00000000a9300000, 0x00000000e0000000)
  object space 150528K, 29% used [0x00000000a0000000,0x00000000a2b7dc70,0x00000000a9300000)
 Metaspace       used 61585K, capacity 64000K, committed 64256K, reserved 1105920K
  class space    used 8158K, capacity 8667K, committed 8704K, reserved 1048576K
}

Deoptimization events (10 events):
Event: 30.134 Thread 0x000000005a11a000 Uncommon trap: reason=unstable_if action=reinterpret pc=0x00000000042b8034 method=org.objectweb.asm.ClassReader.a(II[C)Ljava/lang/String; @ 77
Event: 30.135 Thread 0x000000005a11a000 Uncommon trap: reason=unstable_if action=reinterpret pc=0x00000000042817a4 method=org.objectweb.asm.ClassReader.a(II[C)Ljava/lang/String; @ 77
Event: 30.135 Thread 0x000000005a11a000 Uncommon trap: reason=unstable_if action=reinterpret pc=0x00000000042d5c04 method=org.objectweb.asm.ByteVector.putUTF8(Ljava/lang/String;)Lorg/objectweb/asm/ByteVector; @ 98
Event: 30.135 Thread 0x000000005a11a000 Uncommon trap: reason=unstable_if action=reinterpret pc=0x000000000427e7e0 method=org.objectweb.asm.ByteVector.putUTF8(Ljava/lang/String;)Lorg/objectweb/asm/ByteVector; @ 98
Event: 30.161 Thread 0x000000005a11a000 Uncommon trap: reason=unstable_if action=reinterpret pc=0x0000000004396ae0 method=org.objectweb.asm.ClassWriter.a(Ljava/lang/Object;)Lorg/objectweb/asm/Item; @ 159
Event: 31.603 Thread 0x000000005a11a000 Uncommon trap: reason=unstable_if action=reinterpret pc=0x0000000003ac2518 method=com.google.common.collect.MapMakerInternalMap$Segment.getEntry(Ljava/lang/Object;I)Lcom/google/common/collect/MapMakerInternalMap$ReferenceEntry; @ 40
Event: 31.757 Thread 0x000000005f2da000 Uncommon trap: reason=class_check action=maybe_recompile pc=0x0000000003fcc86c method=java.util.concurrent.locks.ReentrantLock.lock()V @ 4
Event: 71.555 Thread 0x0000000059aa3000 Uncommon trap: reason=unstable_if action=reinterpret pc=0x00000000041c2568 method=java.io.ExpiringCache.entryFor(Ljava/lang/String;)Ljava/io/ExpiringCache$Entry; @ 39
Event: 605.477 Thread 0x000000005f2d6800 Uncommon trap: reason=null_check action=make_not_entrant pc=0x0000000003c145d4 method=sun.nio.fs.NativeBuffers.getNativeBufferFromCache(I)Lsun/nio/fs/NativeBuffer; @ 6
Event: 605.477 Thread 0x000000005f2d6800 Uncommon trap: reason=null_check action=make_not_entrant pc=0x000000000404bd10 method=sun.nio.fs.NativeBuffers.releaseNativeBuffer(Lsun/nio/fs/NativeBuffer;)V @ 6

Internal exceptions (10 events):
Event: 15.969 Thread 0x000000005a11a000 Exception <a 'java/lang/NoSuchMethodError': <clinit>> (0x00000000e071e248) thrown at [C:\src\android\AOSP-openjdk\external\jetbrains\jdk\hotspot\src\share\vm\prims\jni.cpp, line 1613]
Event: 15.970 Thread 0x000000005a11a000 Exception <a 'java/lang/NoSuchMethodError': <clinit>> (0x00000000e0736fa0) thrown at [C:\src\android\AOSP-openjdk\external\jetbrains\jdk\hotspot\src\share\vm\prims\jni.cpp, line 1613]
Event: 15.970 Thread 0x000000005a11a000 Exception <a 'java/lang/NoSuchMethodError': <clinit>> (0x00000000e0738c20) thrown at [C:\src\android\AOSP-openjdk\external\jetbrains\jdk\hotspot\src\share\vm\prims\jni.cpp, line 1613]
Event: 26.006 Thread 0x000000005a11a000 Implicit null exception at 0x0000000002d03157 to 0x0000000002d03293
Event: 27.036 Thread 0x000000005a11a000 Exception <a 'java/lang/NoSuchMethodError': java.lang.Object.lambda$negate$1(Ljava/lang/Object;)Z> (0x00000000e88bdec0) thrown at [C:\src\android\AOSP-openjdk\external\jetbrains\jdk\hotspot\src\share\vm\interpreter\linkResolver.cpp, line 582]
Event: 31.762 Thread 0x000000005a11a000 Exception <a 'sun/nio/fs/WindowsException'> (0x00000000e07001c8) thrown at [C:\src\android\AOSP-openjdk\external\jetbrains\jdk\hotspot\src\share\vm\prims\jni.cpp, line 709]
Event: 605.477 Thread 0x000000005f2d6800 Implicit null exception at 0x0000000003c14492 to 0x0000000003c145c5
Event: 605.477 Thread 0x000000005f2d6800 Exception <a 'sun/nio/fs/WindowsException'> (0x00000000e0f3f2d8) thrown at [C:\src\android\AOSP-openjdk\external\jetbrains\jdk\hotspot\src\share\vm\prims\jni.cpp, line 709]
Event: 605.477 Thread 0x000000005f2d6800 Implicit null exception at 0x000000000404bb35 to 0x000000000404bd01
Event: 614.576 Thread 0x000000005f2d6800 Exception <a 'sun/nio/fs/WindowsException'> (0x00000000e0f40988) thrown at [C:\src\android\AOSP-openjdk\external\jetbrains\jdk\hotspot\src\share\vm\prims\jni.cpp, line 709]

Events (10 events):
Event: 2577.292 Thread 0x000000005f2d5000 Thread added: 0x000000005f2d5000
Event: 2577.292 Thread 0x000000005f2d8000 Thread added: 0x000000005f2d8000
Event: 2577.292 Executing VM operation: RevokeBias
Event: 2577.292 Executing VM operation: RevokeBias done
Event: 2577.296 Thread 0x000000005f2d8800 Thread added: 0x000000005f2d8800
Event: 2577.300 Thread 0x000000005f2d9800 Thread added: 0x000000005f2d9800
Event: 2577.303 Thread 0x000000005f2da000 Thread added: 0x000000005f2da000
Event: 2577.303 Thread 0x000000005f2dd000 Thread added: 0x000000005f2dd000
Event: 2577.306 Executing VM operation: RevokeBias
Event: 2577.306 Executing VM operation: RevokeBias done


Dynamic libraries:
0x000000013fdc0000 - 0x000000013fdf1000 	C:\Program Files\Android\Android Studio\jre\bin\java.exe
0x0000000077a00000 - 0x0000000077ba9000 	C:\Windows\SYSTEM32\ntdll.dll
0x00000000777e0000 - 0x00000000778ff000 	C:\Windows\system32\kernel32.dll
0x000007fefdae0000 - 0x000007fefdb4b000 	C:\Windows\system32\KERNELBASE.dll
0x000007fefdee0000 - 0x000007fefdfbb000 	C:\Windows\system32\ADVAPI32.dll
0x000007fefef10000 - 0x000007fefefaf000 	C:\Windows\system32\msvcrt.dll
0x000007feff7f0000 - 0x000007feff80f000 	C:\Windows\SYSTEM32\sechost.dll
0x000007feff9f0000 - 0x000007feffb1d000 	C:\Windows\system32\RPCRT4.dll
0x0000000077900000 - 0x00000000779fa000 	C:\Windows\system32\USER32.dll
0x000007fefde00000 - 0x000007fefde67000 	C:\Windows\system32\GDI32.dll
0x000007feff660000 - 0x000007feff66e000 	C:\Windows\system32\LPK.dll
0x000007feffb20000 - 0x000007feffbe9000 	C:\Windows\system32\USP10.dll
0x000007fefbf00000 - 0x000007fefc0f4000 	C:\Windows\WinSxS\amd64_microsoft.windows.common-controls_6595b64144ccf1df_6.0.7601.17514_none_fa396087175ac9ac\COMCTL32.dll
0x000007fefdd20000 - 0x000007fefdd91000 	C:\Windows\system32\SHLWAPI.dll
0x000007feff630000 - 0x000007feff65e000 	C:\Windows\system32\IMM32.DLL
0x000007fefee00000 - 0x000007fefef09000 	C:\Windows\system32\MSCTF.dll
0x0000000065020000 - 0x00000000650f2000 	C:\Program Files\Android\Android Studio\jre\jre\bin\msvcr100.dll
0x000000005bf30000 - 0x000000005c76c000 	C:\Program Files\Android\Android Studio\jre\jre\bin\server\jvm.dll
0x000007fef8c90000 - 0x000007fef8c99000 	C:\Windows\system32\WSOCK32.dll
0x000007fefde70000 - 0x000007fefdebd000 	C:\Windows\system32\WS2_32.dll
0x000007fefdfc0000 - 0x000007fefdfc8000 	C:\Windows\system32\NSI.dll
0x000007fefb7b0000 - 0x000007fefb7eb000 	C:\Windows\system32\WINMM.dll
0x000007fefca10000 - 0x000007fefca1c000 	C:\Windows\system32\VERSION.dll
0x0000000077bc0000 - 0x0000000077bc7000 	C:\Windows\system32\PSAPI.DLL
0x000007fefbef0000 - 0x000007fefbeff000 	C:\Program Files\Android\Android Studio\jre\jre\bin\verify.dll
0x000007fef4670000 - 0x000007fef4699000 	C:\Program Files\Android\Android Studio\jre\jre\bin\java.dll
0x000007fef4800000 - 0x000007fef4816000 	C:\Program Files\Android\Android Studio\jre\jre\bin\zip.dll
0x000007fefdfd0000 - 0x000007fefed58000 	C:\Windows\system32\SHELL32.dll
0x000007feff340000 - 0x000007feff543000 	C:\Windows\system32\ole32.dll
0x000007fefd950000 - 0x000007fefd95f000 	C:\Windows\system32\profapi.dll
0x000007fef47e0000 - 0x000007fef47fa000 	C:\Program Files\Android\Android Studio\jre\jre\bin\net.dll
0x000007fefd1c0000 - 0x000007fefd215000 	C:\Windows\system32\mswsock.dll
0x000007fefd1b0000 - 0x000007fefd1b7000 	C:\Windows\System32\wship6.dll
0x000007fef47a0000 - 0x000007fef47b1000 	C:\Program Files\Android\Android Studio\jre\jre\bin\nio.dll
0x000007fef4760000 - 0x000007fef477e000 	C:\Users\GIGABYTE\.gradle\native\23\windows-amd64\native-platform.dll
0x000007fefd220000 - 0x000007fefd237000 	C:\Windows\system32\CRYPTSP.dll
0x000007fefcf20000 - 0x000007fefcf67000 	C:\Windows\system32\rsaenh.dll
0x000007fefcca0000 - 0x000007fefccbe000 	C:\Windows\system32\USERENV.dll
0x000007fefd880000 - 0x000007fefd88f000 	C:\Windows\system32\CRYPTBASE.dll
0x000007fefa3a0000 - 0x000007fefa3c7000 	C:\Windows\system32\IPHLPAPI.DLL
0x000007fefa380000 - 0x000007fefa38b000 	C:\Windows\system32\WINNSI.DLL
0x000007fef9cd0000 - 0x000007fef9ce1000 	C:\Windows\system32\dhcpcsvc6.DLL
0x000007fefa1a0000 - 0x000007fefa1b8000 	C:\Windows\system32\dhcpcsvc.DLL
0x000007fef5dc0000 - 0x000007fef5dcd000 	C:\Program Files\Android\Android Studio\jre\jre\bin\management.dll
0x000007fefd820000 - 0x000007fefd877000 	C:\Windows\system32\apphelp.dll
0x000007fef3990000 - 0x000007fef3ab5000 	C:\Windows\system32\dbghelp.dll

VM Arguments:
jvm_args: -Xmx1536m -Dfile.encoding=windows-1252 -Duser.country=US -Duser.language=en -Duser.variant 
java_command: org.gradle.launcher.daemon.bootstrap.GradleDaemon 3.3
java_class_path (initial): C:\Users\GIGABYTE\.gradle\wrapper\dists\gradle-3.3-all\55gk2rcmfc6p2dg9u9ohc3hw9\gradle-3.3\lib\gradle-launcher-3.3.jar
Launcher Type: SUN_STANDARD

Environment Variables:
PATH=C:\adb\adb_win_v1.0.26;C:\adb\adb_win_v1.0.26;C:\Windows\system32;C:\Windows;C:\Windows\System32\Wbem;C:\Windows\System32\WindowsPowerShell\v1.0\;C:\Program Files (x86)\NVIDIA Corporation\PhysX\Common
USERNAME=GIGABYTE
OS=Windows_NT
PROCESSOR_IDENTIFIER=AMD64 Family 21 Model 2 Stepping 0, AuthenticAMD



---------------  S Y S T E M  ---------------

OS: Windows 7 , 64 bit Build 7601 (6.1.7601.17514)

CPU:total 6 (6 cores per cpu, 1 threads per core) family 21 model 2 stepping 0, cmov, cx8, fxsr, mmx, sse, sse2, sse3, ssse3, sse4.1, sse4.2, popcnt, avx, aes, clmul, mmxext, 3dnowpref, lzcnt, sse4a, tsc, tscinvbit, tscinv, bmi1

Memory: 4k page, physical 8369720k(3160044k free), swap 16737596k(10175476k free)

vm_info: OpenJDK 64-Bit Server VM (25.112-b06) for windows-amd64 JRE (1.8.0_112-release-b06), built on Dec  8 2016 00:54:26 by "builder" with MS VC++ 10.0 (VS2010)

time: Thu Jun 08 01:28:06 2017
elapsed time: 2577 seconds (0d 0h 42m 57s)

